This is LuaHBTeX, Version 1.12.0 (TeX Live 2020/Arch Linux)  (format=lualatex 2020.6.18)  30 JUN 2020 14:50
 restricted system commands enabled.
**complete_doc.tex
(./complete_doc.tex
LaTeX2e <2020-02-02> patch level 5
Lua module: luaotfload-main 2020-05-06 3.14 luaotfload entry point
Lua module: luaotfload-init 2020-05-06 3.14 luaotfload submodule / initializatio
n
Lua module: lualibs 2020-05-01 2.71 ConTeXt Lua standard libraries.
Lua module: lualibs-extended 2020-05-01 2.71 ConTeXt Lua libraries -- extended c
ollection.
Lua module: luaotfload-log 2020-05-06 3.14 luaotfload submodule / logging
Lua module: luaotfload-parsers 2020-05-06 3.14 luaotfload submodule / filelist
Lua module: luaotfload-configuration 2020-05-06 3.14 luaotfload submodule / conf
ig file reader
luaotfload | conf : Root cache directory is "/home/de/.texlive/texmf-var/luatex-
cache/generic-dev/names".
luaotfload | init : Loading fontloader "fontloader-2020-05-06.lua" from kpse-res
olved path "/usr/share/texmf-dist/tex/luatex/luaotfload/fontloader-2020-05-06.lu
a".
Lua-only attribute luaotfload@noligature = 1
Lua-only attribute luaotfload@syllabe = 2
luaotfload | init : Context OpenType loader version 0x1.8e353f7ced917p+1
Lua module: luaotfload-fallback 2020-05-06 3.14 luaotfload submodule / fallback
Lua module: luaotfload-multiscript 2020-05-06 3.14 luaotfload submodule / multis
cript
Lua module: luaotfload-script 2020-05-06 3.14 luaotfload submodule / Script help
ers
Inserting `luaotfload.node_processor' at position 1 in `pre_linebreak_filter'.
Inserting `luaotfload.node_processor' at position 1 in `hpack_filter'.
Lua module: luaotfload-loaders 2020-05-06 3.14 luaotfload submodule / callback h
andling
Inserting `luaotfload.define_font' at position 1 in `define_font'.
Lua module: luaotfload-database 2020-05-06 3.14 luaotfload submodule / database
Lua module: luaotfload-unicode 2020-05-06 3.14 luaotfload submodule / Unicode he
lpers
Lua module: luaotfload-colors 2020-05-06 3.14 luaotfload submodule / color
Lua-only attribute luaotfload_color_attribute = 3
Lua module: luaotfload-resolvers 2020-05-06 3.14 luaotfload submodule / resolver
s
luaotfload | conf : Root cache directory is "/home/de/.texlive/texmf-var/luatex-
cache/generic-dev/names".
Lua module: luaotfload-features 2020-05-06 3.14 luaotfload submodule / features
Lua module: luaotfload-harf-define 2020-05-06 3.14 luaotfload submodule / databa
se
Inserting `luaotfload.harf.strip_prefix' at position 1 in `find_opentype_file'.
Inserting `luaotfload.harf.strip_prefix' at position 1 in `find_truetype_file'.
Lua module: luaotfload-harf-plug 2020-05-06 3.14 luaotfload submodule / database
Inserting `Harf pre_output_filter callback' at position 1 in `pre_output_filter'
.
Inserting `Harf wrapup_run callback' at position 1 in `wrapup_run'.
Inserting `Harf finish_pdffile callback' at position 1 in `finish_pdffile'.
Inserting `Harf glyph_info callback' at position 1 in `glyph_info'.
Lua module: luaotfload-letterspace 2020-05-06 3.14 luaotfload submodule / color
Lua module: luaotfload-embolden 2020-05-06 3.14 luaotfload submodule / color
Lua module: luaotfload-notdef 2020-05-06 3.14 luaotfload submodule / color
Lua module: luaotfload-suppress 2020-05-06 3.14 luaotfload submodule / suppress
Lua module: luaotfload-szss 2020-05-06 3.14 luaotfload submodule / color
Lua module: luaotfload-auxiliary 2020-05-06 3.14 luaotfload submodule / auxiliar
y functions
Inserting `luaotfload.aux.set_sscale_dimens' at position 1 in `luaotfload.patch_
font'.
Inserting `luaotfload.aux.set_font_index' at position 2 in `luaotfload.patch_fon
t'.
Inserting `luaotfload.aux.patch_cambria_domh' at position 3 in `luaotfload.patch
_font'.
Inserting `luaotfload.aux.fixup_fontdata' at position 1 in `luaotfload.patch_fon
t_unsafe'.
Inserting `luaotfload.aux.set_capheight' at position 4 in `luaotfload.patch_font
'.
Inserting `luaotfload.aux.set_xheight' at position 5 in `luaotfload.patch_font'.
Lua module: luaotfload-tounicode 2020-05-06 3.14 luaotfload submodule / tounicod
e
Inserting `luaotfload.rewrite_fontname' at position 6 in `luaotfload.patch_font'
. L3 programming layer <2020-06-03>
(/usr/share/texmf-dist/tex/latex/base/report.cls
Document Class: report 2019/12/20 v1.4l Standard LaTeX document class
(/usr/share/texmf-dist/tex/latex/base/size10.clo
File: size10.clo 2019/12/20 v1.4l Standard LaTeX file (size option)
luaotfload | db : Font names database loaded from /home/de/.texlive/texmf-var/lu
atex-cache/generic-dev/names/luaotfload-names.luc)
\c@part=\count163
\c@chapter=\count164
\c@section=\count165
\c@subsection=\count166
\c@subsubsection=\count167
\c@paragraph=\count168
\c@subparagraph=\count169
\c@figure=\count170
\c@table=\count171
\abovecaptionskip=\skip47
\belowcaptionskip=\skip48
\bibindent=\dimen134
)
(/usr/share/texmf-dist/tex/latex/graphics/graphicx.sty
Package: graphicx 2019/11/30 v1.2a Enhanced LaTeX Graphics (DPC,SPQR)

(/usr/share/texmf-dist/tex/latex/graphics/keyval.sty
Package: keyval 2014/10/28 v1.15 key=value parser (DPC)
\KV@toks@=\toks15
)
(/usr/share/texmf-dist/tex/latex/graphics/graphics.sty
Package: graphics 2019/11/30 v1.4a Standard LaTeX Graphics (DPC,SPQR)

(/usr/share/texmf-dist/tex/latex/graphics/trig.sty
Package: trig 2016/01/03 v1.10 sin cos tan (DPC)
)
(/usr/share/texmf-dist/tex/latex/graphics-cfg/graphics.cfg
File: graphics.cfg 2016/06/04 v1.11 sample graphics configuration
)
Package graphics Info: Driver file: luatex.def on input line 105.

(/usr/share/texmf-dist/tex/latex/graphics-def/luatex.def
File: luatex.def 2018/01/08 v1.0l Graphics/color driver for luatex
))
\Gin@req@height=\dimen135
\Gin@req@width=\dimen136
)
(/usr/share/texmf-dist/tex/latex/float/float.sty
Package: float 2001/11/08 v1.3d Float enhancements (AL)
\c@float@type=\count172
\float@exts=\toks16
\float@box=\box45
\@float@everytoks=\toks17
\@floatcapt=\box46
)
(/usr/share/texmf-dist/tex/latex/listings/listings.sty
\lst@mode=\count173
\lst@gtempboxa=\box47
\lst@token=\toks18
\lst@length=\count174
\lst@currlwidth=\dimen137
\lst@column=\count175
\lst@pos=\count176
\lst@lostspace=\dimen138
\lst@width=\dimen139
\lst@newlines=\count177
\lst@lineno=\count178
\lst@maxwidth=\dimen140

(/usr/share/texmf-dist/tex/latex/listings/lstmisc.sty
File: lstmisc.sty 2020/03/24 1.8d (Carsten Heinz)
\c@lstnumber=\count179
\lst@skipnumbers=\count180
\lst@framebox=\box48
)
(/usr/share/texmf-dist/tex/latex/listings/listings.cfg
File: listings.cfg 2020/03/24 1.8d listings configuration
))
Package: listings 2020/03/24 1.8d (Carsten Heinz)

(/usr/share/texmf-dist/tex/latex/xcolor/xcolor.sty
Package: xcolor 2016/05/11 v2.12 LaTeX color extensions (UK)

(/usr/share/texmf-dist/tex/latex/graphics-cfg/color.cfg
File: color.cfg 2016/01/02 v1.6 sample color configuration
)
Package xcolor Info: Driver file: luatex.def on input line 225.
Package xcolor Info: Model `cmy' substituted by `cmy0' on input line 1348.
Package xcolor Info: Model `hsb' substituted by `rgb' on input line 1352.
Package xcolor Info: Model `RGB' extended on input line 1364.
Package xcolor Info: Model `HTML' substituted by `rgb' on input line 1366.
Package xcolor Info: Model `Hsb' substituted by `hsb' on input line 1367.
Package xcolor Info: Model `tHsb' substituted by `hsb' on input line 1368.
Package xcolor Info: Model `HSB' substituted by `hsb' on input line 1369.
Package xcolor Info: Model `Gray' substituted by `gray' on input line 1370.
Package xcolor Info: Model `wave' substituted by `hsb' on input line 1371.
)
(/usr/share/texmf-dist/tex/latex/l3backend/l3backend-pdfmode.def
File: l3backend-pdfmode.def 2020-06-03 L3 backend support: PDF mode
\l__kernel_color_stack_int=\count181
\l__pdf_internal_box=\box49
)
(./complete_doc.aux

LaTeX Warning: Label `fig:p2' multiply defined.


LaTeX Warning: Label `fig:n1' multiply defined.


LaTeX Warning: Label `fig:n1' multiply defined.


LaTeX Warning: Label `fig:p1' multiply defined.


LaTeX Warning: Label `fig:p2' multiply defined.

)
\openout1 = complete_doc.aux

LaTeX Font Info:    Checking defaults for OML/cmm/m/it on input line 42.
LaTeX Font Info:    ... okay on input line 42.
LaTeX Font Info:    Checking defaults for OMS/cmsy/m/n on input line 42.
LaTeX Font Info:    ... okay on input line 42.
LaTeX Font Info:    Checking defaults for OT1/cmr/m/n on input line 42.
LaTeX Font Info:    ... okay on input line 42.
LaTeX Font Info:    Checking defaults for T1/cmr/m/n on input line 42.
LaTeX Font Info:    ... okay on input line 42.
LaTeX Font Info:    Checking defaults for TS1/cmr/m/n on input line 42.
LaTeX Font Info:    Trying to load font information for TS1+cmr on input line 42
.
 (/usr/share/texmf-dist/tex/latex/base/ts1cmr.fd
File: ts1cmr.fd 2019/12/16 v2.5j Standard LaTeX font definitions
)
LaTeX Font Info:    ... okay on input line 42.
LaTeX Font Info:    Checking defaults for TU/lmr/m/n on input line 42.
LaTeX Font Info:    ... okay on input line 42.
LaTeX Font Info:    Checking defaults for OMX/cmex/m/n on input line 42.
LaTeX Font Info:    ... okay on input line 42.
LaTeX Font Info:    Checking defaults for U/cmr/m/n on input line 42.
LaTeX Font Info:    ... okay on input line 42.

(/usr/share/texmf-dist/tex/context/base/mkii/supp-pdf.mkii
[Loading MPS to PDF converter (version 2006.09.02).]
\scratchcounter=\count182
\scratchdimen=\dimen141
\scratchbox=\box50
\nofMPsegments=\count183
\nofMParguments=\count184
\everyMPshowfont=\toks19
\MPscratchCnt=\count185
\MPscratchDim=\dimen142
\MPnumerator=\count186
\makeMPintoPDFobject=\count187
\everyMPtoPDFconversion=\toks20
) (/usr/share/texmf-dist/tex/latex/epstopdf-pkg/epstopdf-base.sty
Package: epstopdf-base 2020-01-24 v2.11 Base part for package epstopdf
Package epstopdf-base Info: Redefining graphics rule for `.eps' on input line 48
5.

(/usr/share/texmf-dist/tex/latex/latexconfig/epstopdf-sys.cfg
File: epstopdf-sys.cfg 2010/07/13 v1.3 Configuration of (r)epstopdf for TeX Live

))
\c@lstlisting=\count188
LaTeX Font Info:    External font `cmex10' loaded for size
(Font)              <12> on input line 44.
LaTeX Font Info:    External font `cmex10' loaded for size
(Font)              <8> on input line 44.
LaTeX Font Info:    External font `cmex10' loaded for size
(Font)              <6> on input line 44.
 [1

{/var/lib/texmf/fonts/map/pdftex/updmap/pdftex.map}] (./complete_doc.toc
LaTeX Font Info:    External font `cmex10' loaded for size
(Font)              <7> on input line 2.
LaTeX Font Info:    External font `cmex10' loaded for size
(Font)              <5> on input line 2.
)
\tf@toc=\write3

\openout3 = complete_doc.toc
 [1

]
Chapter 1.
[2

]
Chapter 2.
<mock_up/panel-1.png, id=17, 1850.112pt x 1040.688pt>
File: mock_up/panel-1.png Graphic file (type png)
<use mock_up/panel-1.png>
Package luatex.def Info: mock_up/panel-1.png  used on input line 71.
(luatex.def)             Requested size: 345.0pt x 194.0487pt.
[3

<./mock_up/panel-1.png>] [4]
<mock_up/panel-2.png, id=25, 1850.112pt x 1040.688pt>
File: mock_up/panel-2.png Graphic file (type png)
<use mock_up/panel-2.png>
Package luatex.def Info: mock_up/panel-2.png  used on input line 87.
(luatex.def)             Requested size: 345.0pt x 194.0487pt.
 [5<./mock_up/panel-2.png>]
<mock_up/panel-3.png, id=30, 1850.112pt x 1040.688pt>
File: mock_up/panel-3.png Graphic file (type png)
<use mock_up/panel-3.png>
Package luatex.def Info: mock_up/panel-3.png  used on input line 102.
(luatex.def)             Requested size: 345.0pt x 194.0487pt.
<mock_up/stat.png, id=31, 1850.112pt x 1040.688pt>
File: mock_up/stat.png Graphic file (type png)
<use mock_up/stat.png>
Package luatex.def Info: mock_up/stat.png  used on input line 117.
(luatex.def)             Requested size: 345.0pt x 194.0487pt.
 [6<./mock_up/panel-3.png>] [7<./mock_up/stat.png>]
<mock_up/ord-2.png, id=40, 1850.112pt x 1040.688pt>
File: mock_up/ord-2.png Graphic file (type png)
<use mock_up/ord-2.png>
Package luatex.def Info: mock_up/ord-2.png  used on input line 135.
(luatex.def)             Requested size: 345.0pt x 194.0487pt.
<mock_up/ord-1.png, id=41, 1850.112pt x 1040.688pt>
File: mock_up/ord-1.png Graphic file (type png)
<use mock_up/ord-1.png>
Package luatex.def Info: mock_up/ord-1.png  used on input line 146.
(luatex.def)             Requested size: 345.0pt x 194.0487pt.
 [8<./mock_up/ord-2.png>]
<mock_up/num.png, id=46, 1850.112pt x 1040.688pt>
File: mock_up/num.png Graphic file (type png)
<use mock_up/num.png>
Package luatex.def Info: mock_up/num.png  used on input line 156.
(luatex.def)             Requested size: 345.0pt x 194.0487pt.
<mock_up/num_gen.png, id=47, 1850.112pt x 1040.688pt>
File: mock_up/num_gen.png Graphic file (type png)
<use mock_up/num_gen.png>
Package luatex.def Info: mock_up/num_gen.png  used on input line 163.
(luatex.def)             Requested size: 345.0pt x 194.0487pt.
 [9<./mock_up/ord-1.png><./mock_up/num.png>] [10<./mock_up/num_gen.png>]
<mock_up/export.png, id=58, 1850.112pt x 1040.688pt>
File: mock_up/export.png Graphic file (type png)
<use mock_up/export.png>
Package luatex.def Info: mock_up/export.png  used on input line 175.
(luatex.def)             Requested size: 345.0pt x 194.0487pt.
 [11<./mock_up/export.png>]
Chapter 3.
<final_presentation/images/upload.png, id=63, 1337.99875pt x 561.09625pt>
File: final_presentation/images/upload.png Graphic file (type png)
<use final_presentation/images/upload.png>
Package luatex.def Info: final_presentation/images/upload.png  used on input lin
e 189.
(luatex.def)             Requested size: 345.0pt x 144.6744pt.
[12

<./final_presentation/images/upload.png>]
<final_presentation/images/selection.png, id=68, 1401.235pt x 915.42pt>
File: final_presentation/images/selection.png Graphic file (type png)
<use final_presentation/images/selection.png>
Package luatex.def Info: final_presentation/images/selection.png  used on input 
line 212.
(luatex.def)             Requested size: 345.0pt x 225.37636pt.
 [13<./final_presentation/images/selection.png>]
<final_presentation/images/nominal.png, id=75, 1320.935pt x 556.0775pt>
File: final_presentation/images/nominal.png Graphic file (type png)
<use final_presentation/images/nominal.png>
Package luatex.def Info: final_presentation/images/nominal.png  used on input li
ne 228.
(luatex.def)             Requested size: 345.0pt x 145.23009pt.
<final_presentation/images/nominal_graph.png, id=76, 1322.9425pt x 552.0625pt>
File: final_presentation/images/nominal_graph.png Graphic file (type png)
<use final_presentation/images/nominal_graph.png>
Package luatex.def Info: final_presentation/images/nominal_graph.png  used on in
put line 245.
(luatex.def)             Requested size: 345.0pt x 143.96246pt.
 [14<./final_presentation/images/nominal.png>] [15<./final_presentation/images/n
ominal_graph.png>]
<final_presentation/images/ordinal.png, id=85, 1308.89pt x 718.685pt>
File: final_presentation/images/ordinal.png Graphic file (type png)
<use final_presentation/images/ordinal.png>
Package luatex.def Info: final_presentation/images/ordinal.png  used on input li
ne 257.
(luatex.def)             Requested size: 345.0pt x 189.43076pt.
<final_presentation/images/ordinal_ctx.png, id=86, 1309.89375pt x 405.515pt>
File: final_presentation/images/ordinal_ctx.png Graphic file (type png)
<use final_presentation/images/ordinal_ctx.png>
Package luatex.def Info: final_presentation/images/ordinal_ctx.png  used on inpu
t line 276.
(luatex.def)             Requested size: 345.0pt x 106.80507pt.
 [16<./final_presentation/images/ordinal.png>]
<final_presentation/images/numeric.png, id=91, 1305.87875pt x 609.27625pt>
File: final_presentation/images/numeric.png Graphic file (type png)
<use final_presentation/images/numeric.png>
Package luatex.def Info: final_presentation/images/numeric.png  used on input li
ne 292.
(luatex.def)             Requested size: 345.0pt x 160.9647pt.

[17<./final_presentation/images/ordinal_ctx.png>]
<final_presentation/images/export.png, id=96, 1314.9125pt x 317.185pt>
File: final_presentation/images/export.png Graphic file (type png)
<use final_presentation/images/export.png>
Package luatex.def Info: final_presentation/images/export.png  used on input lin
e 315.
(luatex.def)             Requested size: 345.0pt x 83.22116pt.
 [18<./final_presentation/images/numeric.png>] [19<./final_presentation/images/e
xport.png>]
Chapter 4.
[20

] (./complete_doc.aux)

LaTeX Warning: There were multiply-defined labels.

)

Here is how much of LuaTeX's memory you used:
 3446 strings out of 480885
 100000,319454 words of node,token memory allocated
 411 words of node memory still in use:
   3 hlist, 1 vlist, 1 rule, 2 glue, 3 kern, 1 glyph, 4 attribute, 49 glue_spec,
 4 attribute_list, 1 write nodes
   avail lists: 2:436,3:75,4:172,5:226,6:18,7:1843,8:1,9:482,10:22,11:123
 20911 multiletter control sequences out of 65536+600000
 58 fonts using 6273019 bytes
 30i,7n,37p,1199b,643s stack positions out of 5000i,500n,10000p,200000b,100000s
</usr/share/texmf-dist/fonts/opentype/public/lm/lmmono8-regular.otf></usr/share/
texmf-dist/fonts/opentype/public/lm/lmroman5-regular.otf></usr/share/texmf-dist/
fonts/opentype/public/lm/lmroman10-regular.otf></usr/share/texmf-dist/fonts/open
type/public/lm/lmroman10-bold.otf></usr/share/texmf-dist/fonts/opentype/public/l
m/lmroman12-bold.otf></usr/share/texmf-dist/fonts/opentype/public/lm/lmroman12-r
egular.otf></usr/share/texmf-dist/fonts/opentype/public/lm/lmroman17-regular.otf
>
Output written on complete_doc.pdf (21 pages, 1273476 bytes).

PDF statistics: 154 PDF objects out of 1000 (max. 8388607)
 75 compressed objects within 1 object stream
 0 named destinations out of 1000 (max. 131072)
 1 words of extra memory for PDF output out of 10000 (max. 100000000)

